Arguments: 
  /usr/bin/node /home/matt/.yarn/bin/yarn.js add compass-breakpoint

PATH: 
  /home/matt/.yarn/bin:/home/matt/.config/yarn/global/node_modules/.bin:/home/matt/.yarn/bin:/home/matt/.config/yarn/global/node_modules/.bin:/usr/local/sbin:/usr/local/bin:/usr/sbin:/usr/bin:/sbin:/bin:/usr/games:/usr/local/games:/snap/bin

Yarn version: 
  1.22.4

Node version: 
  10.15.2

Platform: 
  linux x64

Trace: 
  Error: https://registry.yarnpkg.com/compass-breakpoint: Not found
      at Request.params.callback [as _callback] (/home/matt/.yarn/lib/cli.js:66987:18)
      at Request.self.callback (/home/matt/.yarn/lib/cli.js:140748:22)
      at Request.emit (events.js:189:13)
      at Request.<anonymous> (/home/matt/.yarn/lib/cli.js:141720:10)
      at Request.emit (events.js:189:13)
      at IncomingMessage.<anonymous> (/home/matt/.yarn/lib/cli.js:141642:12)
      at Object.onceWrapper (events.js:277:13)
      at IncomingMessage.emit (events.js:194:15)
      at endReadableNT (_stream_readable.js:1103:12)
      at process._tickCallback (internal/process/next_tick.js:63:19)

npm manifest: 
  {
    "name": "bbqcss",
    "version": "1.0.0",
    "description": "Lightweight CSS library with Modular Scale and Picnic",
    "main": "index.js",
    "scripts": {
      "test": "test"
    },
    "repository": {
      "type": "git",
      "url": "git+https://github.com/matt-antone/bbqcss.git"
    },
    "keywords": [
      "CSS",
      "Modularscale",
      "Picnic"
    ],
    "author": "Matt Antone",
    "license": "MIT",
    "bugs": {
      "url": "https://github.com/matt-antone/bbqcss/issues"
    },
    "homepage": "https://github.com/matt-antone/bbqcss#readme"
  }

yarn manifest: 
  No manifest

Lockfile: 
  No lockfile
